warn:  D3D11DeviceFeatures: External memory features not supported
info:  D3D11CoreCreateDevice: Maximum supported feature level: D3D_FEATURE_LEVEL_11_1
info:  D3D11CoreCreateDevice: Using feature level D3D_FEATURE_LEVEL_11_0
info:  Device properties:
info:    Device name:     : Intel(R) HD Graphics 520 (SKL GT2)
info:    Driver version   : 22.2.5
info:  Enabled device extensions:
info:    VK_EXT_conservative_rasterization
info:    VK_EXT_custom_border_color
info:    VK_EXT_depth_clip_enable
info:    VK_EXT_fragment_shader_interlock
info:    VK_EXT_non_seamless_cube_map
info:    VK_EXT_robustness2
info:    VK_EXT_shader_module_identifier
info:    VK_EXT_shader_stencil_export
info:    VK_EXT_transform_feedback
info:    VK_EXT_vertex_attribute_divisor
info:    VK_KHR_swapchain
info:  Device features:
info:    robustBufferAccess                     : 1
info:    fullDrawIndexUint32                    : 1
info:    imageCubeArray                         : 1
info:    independentBlend                       : 1
info:    geometryShader                         : 1
info:    tessellationShader                     : 1
info:    sampleRateShading                      : 1
info:    dualSrcBlend                           : 1
info:    logicOp                                : 1
info:    multiDrawIndirect                      : 1
info:    drawIndirectFirstInstance              : 1
info:    depthClamp                             : 1
info:    depthBiasClamp                         : 1
info:    fillModeNonSolid                       : 1
info:    depthBounds                            : 0
info:    multiViewport                          : 1
info:    samplerAnisotropy                      : 1
info:    textureCompressionBC                   : 1
info:    occlusionQueryPrecise                  : 1
info:    pipelineStatisticsQuery                : 1
info:    vertexPipelineStoresAndAtomics         : 1
info:    fragmentStoresAndAtomics               : 1
info:    shaderImageGatherExtended              : 1
info:    shaderClipDistance                     : 1
info:    shaderCullDistance                     : 1
info:    shaderFloat64                          : 1
info:    shaderInt64                            : 1
info:    variableMultisampleRate                : 1
info:    shaderResourceResidency                : 0
info:    shaderResourceMinLod                   : 1
info:    sparseBinding                          : 0
info:    sparseResidencyBuffer                  : 0
info:    sparseResidencyImage2D                 : 0
info:    sparseResidencyImage3D                 : 0
info:    sparseResidency2Samples                : 0
info:    sparseResidency4Samples                : 0
info:    sparseResidency8Samples                : 0
info:    sparseResidency16Samples               : 0
info:    sparseResidencyAliased                 : 0
info:  Vulkan 1.1
info:    shaderDrawParameters                   : 1
info:  Vulkan 1.2
info:    samplerMirrorClampToEdge               : 1
info:    drawIndirectCount                      : 1
info:    samplerFilterMinmax                    : 1
info:    hostQueryReset                         : 1
info:    timelineSemaphore                      : 1
info:    bufferDeviceAddress                    : 0
info:    shaderOutputViewportIndex              : 1
info:    shaderOutputLayer                      : 1
info:    vulkanMemoryModel                      : 1
info:  Vulkan 1.3
info:    robustImageAccess                      : 0
info:    pipelineCreationCacheControl           : 1
info:    shaderDemoteToHelperInvocation         : 1
info:    shaderZeroInitializeWorkgroupMemory    : 0
info:    synchronization2                       : 1
info:    dynamicRendering                       : 1
info:  VK_AMD_shader_fragment_mask
info:    extension supported                    : 0
info:  VK_EXT_attachment_feedback_loop_layout
info:    attachmentFeedbackLoopLayout           : 0
info:  VK_EXT_conservative_rasterization
info:    extension supported                    : 1
info:  VK_EXT_custom_border_color
info:    customBorderColors                     : 1
info:    customBorderColorWithoutFormat         : 1
info:  VK_EXT_depth_clip_enable
info:    depthClipEnable                        : 1
info:  VK_EXT_extended_dynamic_state3
info:    extDynamicState3AlphaToCoverageEnable  : 0
info:    extDynamicState3DepthClipEnable        : 0
info:    extDynamicState3RasterizationSamples   : 0
info:    extDynamicState3SampleMask             : 0
info:  VK_EXT_fragment_shader_interlock
info:    fragmentShaderSampleInterlock          : 1
info:    fragmentShaderPixelInterlock           : 1
info:  VK_EXT_full_screen_exclusive
info:    extension supported                    : 0
info:  VK_EXT_graphics_pipeline_library
info:    graphicsPipelineLibrary                : 0
info:  VK_EXT_memory_budget
info:    extension supported                    : 1
info:  VK_EXT_memory_priority
info:    memoryPriority                         : 0
info:  VK_EXT_non_seamless_cube_map
info:    nonSeamlessCubeMap                     : 0
info:  VK_EXT_robustness2
info:    robustBufferAccess2                    : 1
info:    robustImageAccess2                     : 1
info:    nullDescriptor                         : 1
info:  VK_EXT_shader_module_identifier
info:    shaderModuleIdentifier                 : 1
info:  VK_EXT_shader_stencil_export
info:    extension supported                    : 1
info:  VK_EXT_swapchain_colorspace
info:    extension supported                    : 0
info:  VK_EXT_hdr_metadata
info:    extension supported                    : 0
info:  VK_EXT_transform_feedback
info:    transformFeedback                      : 1
info:    geometryStreams                        : 1
info:  VK_EXT_vertex_attribute_divisor
info:    vertexAttributeInstanceRateDivisor     : 1
info:    vertexAttributeInstanceRateZeroDivisor : 1
info:  VK_KHR_external_memory_win32
info:    extension supported                    : 0
info:  VK_KHR_external_semaphore_win32
info:    extension supported                    : 0
info:  VK_NVX_binary_import
info:    extension supported                    : 0
info:  VK_NVX_image_view_handle
info:    extension supported                    : 0
info:  Queue families:
info:    Graphics : 0
info:    Transfer : 0
info:    Sparse   : n/a
warn:  DXVK: No state cache file found
info:  DXVK: Graphics pipeline libraries not supported
