info:  Game: sniffer.exe
info:  DXVK: v2.1
info:  Built-in extension providers:
info:    Win32 WSI
info:    OpenVR
info:    OpenXR
info:  OpenVR: could not open registry key, status 2
info:  OpenVR: Failed to locate module
info:  Vulkan: Found vkGetInstanceProcAddr in winevulkan.dll @ 0x65dc40f0
info:  Enabled instance extensions:
info:    VK_KHR_get_surface_capabilities2
info:    VK_KHR_surface
info:    VK_KHR_win32_surface
warn:  Skipping CPU adapter: llvmpipe (LLVM 15.0.6, 256 bits)
info:  Intel(R) HD Graphics 520 (SKL GT2):
info:    Driver: 22.2.5
info:    Vulkan: 1.3.224
info:    Memory Heap[0]: 
info:      Size: 5871 MiB
info:      Flags: 0x1
info:      Memory Type[0]: Property Flags = 0xf
info:  Game: sniffer.exe
info:  DXVK: v2.1
info:  Built-in extension providers:
info:    Win32 WSI
info:    OpenVR
info:    OpenXR
info:  OpenVR: could not open registry key, status 2
info:  OpenVR: Failed to locate module
info:  Vulkan: Found vkGetInstanceProcAddr in winevulkan.dll @ 0x65dc40f0
info:  Enabled instance extensions:
info:    VK_KHR_get_surface_capabilities2
info:    VK_KHR_surface
info:    VK_KHR_win32_surface
warn:  Skipping CPU adapter: llvmpipe (LLVM 15.0.6, 256 bits)
info:  Intel(R) HD Graphics 520 (SKL GT2):
info:    Driver: 22.2.5
info:    Vulkan: 1.3.224
info:    Memory Heap[0]: 
info:      Size: 5871 MiB
info:      Flags: 0x1
info:      Memory Type[0]: Property Flags = 0xf
info:  Game: sniffer.exe
info:  DXVK: v2.1
info:  Built-in extension providers:
info:    Win32 WSI
info:    OpenVR
info:    OpenXR
info:  OpenVR: could not open registry key, status 2
info:  OpenVR: Failed to locate module
info:  Vulkan: Found vkGetInstanceProcAddr in winevulkan.dll @ 0x65dc40f0
info:  Enabled instance extensions:
info:    VK_KHR_get_surface_capabilities2
info:    VK_KHR_surface
info:    VK_KHR_win32_surface
warn:  Skipping CPU adapter: llvmpipe (LLVM 15.0.6, 256 bits)
info:  Intel(R) HD Graphics 520 (SKL GT2):
info:    Driver: 22.2.5
info:    Vulkan: 1.3.224
info:    Memory Heap[0]: 
info:      Size: 5871 MiB
info:      Flags: 0x1
info:      Memory Type[0]: Property Flags = 0xf
info:  Game: sniffer.exe
info:  DXVK: v2.1
info:  Built-in extension providers:
info:    Win32 WSI
info:    OpenVR
info:    OpenXR
info:  OpenVR: could not open registry key, status 2
info:  OpenVR: Failed to locate module
info:  Vulkan: Found vkGetInstanceProcAddr in winevulkan.dll @ 0x65dc40f0
info:  Enabled instance extensions:
info:    VK_KHR_get_surface_capabilities2
info:    VK_KHR_surface
info:    VK_KHR_win32_surface
warn:  Skipping CPU adapter: llvmpipe (LLVM 15.0.6, 256 bits)
info:  Intel(R) HD Graphics 520 (SKL GT2):
info:    Driver: 22.2.5
info:    Vulkan: 1.3.224
info:    Memory Heap[0]: 
info:      Size: 5871 MiB
info:      Flags: 0x1
info:      Memory Type[0]: Property Flags = 0xf
info:  Intel(R) HD Graphics 520 (SKL GT2):
info:    Driver: 22.2.5
info:    Vulkan: 1.3.224
info:    Memory Heap[0]: 
info:      Size: 5871 MiB
info:      Flags: 0x1
info:      Memory Type[0]: Property Flags = 0xf
info:  Game: sniffer.exe
info:  DXVK: v2.1
info:  Built-in extension providers:
info:    Win32 WSI
info:    OpenVR
info:    OpenXR
info:  OpenVR: could not open registry key, status 2
info:  OpenVR: Failed to locate module
info:  Vulkan: Found vkGetInstanceProcAddr in winevulkan.dll @ 0x65dc40f0
info:  Enabled instance extensions:
info:    VK_KHR_get_surface_capabilities2
info:    VK_KHR_surface
info:    VK_KHR_win32_surface
warn:  Skipping CPU adapter: llvmpipe (LLVM 15.0.6, 256 bits)
info:  Intel(R) HD Graphics 520 (SKL GT2):
info:    Driver: 22.2.5
info:    Vulkan: 1.3.224
info:    Memory Heap[0]: 
info:      Size: 5871 MiB
info:      Flags: 0x1
info:      Memory Type[0]: Property Flags = 0xf
info:  Game: sniffer.exe
info:  DXVK: v2.1
info:  Built-in extension providers:
info:    Win32 WSI
info:    OpenVR
info:    OpenXR
info:  OpenVR: could not open registry key, status 2
info:  OpenVR: Failed to locate module
info:  Vulkan: Found vkGetInstanceProcAddr in winevulkan.dll @ 0x65dc40f0
info:  Enabled instance extensions:
info:    VK_KHR_get_surface_capabilities2
info:    VK_KHR_surface
info:    VK_KHR_win32_surface
warn:  Skipping CPU adapter: llvmpipe (LLVM 15.0.6, 256 bits)
info:  Intel(R) HD Graphics 520 (SKL GT2):
info:    Driver: 22.2.5
info:    Vulkan: 1.3.224
info:    Memory Heap[0]: 
info:      Size: 5871 MiB
info:      Flags: 0x1
info:      Memory Type[0]: Property Flags = 0xf
info:  Game: sniffer.exe
info:  DXVK: v2.1
info:  Built-in extension providers:
info:    Win32 WSI
info:    OpenVR
info:    OpenXR
info:  OpenVR: could not open registry key, status 2
info:  OpenVR: Failed to locate module
info:  Vulkan: Found vkGetInstanceProcAddr in winevulkan.dll @ 0x65dc40f0
info:  Enabled instance extensions:
info:    VK_KHR_get_surface_capabilities2
info:    VK_KHR_surface
info:    VK_KHR_win32_surface
warn:  Skipping CPU adapter: llvmpipe (LLVM 15.0.6, 256 bits)
info:  Intel(R) HD Graphics 520 (SKL GT2):
info:    Driver: 22.2.5
info:    Vulkan: 1.3.224
info:    Memory Heap[0]: 
info:      Size: 5871 MiB
info:      Flags: 0x1
info:      Memory Type[0]: Property Flags = 0xf
info:  Game: sniffer.exe
info:  DXVK: v2.1
info:  Built-in extension providers:
info:    Win32 WSI
info:    OpenVR
info:    OpenXR
info:  OpenVR: could not open registry key, status 2
info:  OpenVR: Failed to locate module
info:  Vulkan: Found vkGetInstanceProcAddr in winevulkan.dll @ 0x65dc40f0
info:  Enabled instance extensions:
info:    VK_KHR_get_surface_capabilities2
info:    VK_KHR_surface
info:    VK_KHR_win32_surface
warn:  Skipping CPU adapter: llvmpipe (LLVM 15.0.6, 256 bits)
info:  Intel(R) HD Graphics 520 (SKL GT2):
info:    Driver: 22.2.5
info:    Vulkan: 1.3.224
info:    Memory Heap[0]: 
info:      Size: 5871 MiB
info:      Flags: 0x1
info:      Memory Type[0]: Property Flags = 0xf
